{"K:\\MOSMekawy\\declarative-validator\\src\\build.schema.js": {"path":"K:\\MOSMekawy\\declarative-validator\\src\\build.schema.js","all":false,"statementMap":{"0":{"start":{"line":1,"column":0},"end":{"line":1,"column":35}},"1":{"start":{"line":2,"column":0},"end":{"line":2,"column":28}},"2":{"start":{"line":3,"column":0},"end":{"line":3,"column":28}},"3":{"start":{"line":4,"column":0},"end":{"line":4,"column":29}},"4":{"start":{"line":5,"column":0},"end":{"line":5,"column":0}},"5":{"start":{"line":6,"column":0},"end":{"line":6,"column":26}},"6":{"start":{"line":7,"column":0},"end":{"line":7,"column":17}},"7":{"start":{"line":8,"column":0},"end":{"line":8,"column":0}},"8":{"start":{"line":9,"column":0},"end":{"line":9,"column":29}},"9":{"start":{"line":10,"column":0},"end":{"line":10,"column":31}},"10":{"start":{"line":11,"column":0},"end":{"line":11,"column":31}},"11":{"start":{"line":12,"column":0},"end":{"line":12,"column":0}},"12":{"start":{"line":13,"column":0},"end":{"line":13,"column":27}},"13":{"start":{"line":14,"column":0},"end":{"line":14,"column":61}},"14":{"start":{"line":15,"column":0},"end":{"line":15,"column":15}},"15":{"start":{"line":16,"column":0},"end":{"line":16,"column":5}},"16":{"start":{"line":17,"column":0},"end":{"line":17,"column":0}},"17":{"start":{"line":18,"column":0},"end":{"line":18,"column":44}},"18":{"start":{"line":19,"column":0},"end":{"line":19,"column":32}},"19":{"start":{"line":20,"column":0},"end":{"line":20,"column":37}},"20":{"start":{"line":21,"column":0},"end":{"line":21,"column":7}},"21":{"start":{"line":22,"column":0},"end":{"line":22,"column":3}},"22":{"start":{"line":23,"column":0},"end":{"line":23,"column":0}},"23":{"start":{"line":24,"column":0},"end":{"line":24,"column":16}},"24":{"start":{"line":25,"column":0},"end":{"line":25,"column":1}},"25":{"start":{"line":26,"column":0},"end":{"line":26,"column":0}},"26":{"start":{"line":27,"column":0},"end":{"line":27,"column":29}}},"s":{"0":5,"1":5,"2":5,"3":5,"4":5,"5":5,"6":5,"7":5,"8":5,"9":15,"10":15,"11":15,"12":15,"13":10,"14":10,"15":10,"16":5,"17":5,"18":10,"19":10,"20":10,"21":5,"22":5,"23":5,"24":5,"25":1,"26":1},"branchMap":{"0":{"type":"branch","line":1,"loc":{"start":{"line":1,"column":0},"end":{"line":25,"column":1}},"locations":[{"start":{"line":1,"column":0},"end":{"line":25,"column":1}}]},"1":{"type":"branch","line":9,"loc":{"start":{"line":9,"column":28},"end":{"line":22,"column":3}},"locations":[{"start":{"line":9,"column":28},"end":{"line":22,"column":3}}]},"2":{"type":"branch","line":13,"loc":{"start":{"line":13,"column":26},"end":{"line":16,"column":5}},"locations":[{"start":{"line":13,"column":26},"end":{"line":16,"column":5}}]},"3":{"type":"branch","line":17,"loc":{"start":{"line":17,"column":-2},"end":{"line":22,"column":3}},"locations":[{"start":{"line":17,"column":-2},"end":{"line":22,"column":3}}]},"4":{"type":"branch","line":18,"loc":{"start":{"line":18,"column":35},"end":{"line":21,"column":7}},"locations":[{"start":{"line":18,"column":35},"end":{"line":21,"column":7}}]}},"b":{"0":[5],"1":[15],"2":[10],"3":[5],"4":[10]},"fnMap":{"0":{"name":"buildSchema","decl":{"start":{"line":1,"column":0},"end":{"line":25,"column":1}},"loc":{"start":{"line":1,"column":0},"end":{"line":25,"column":1}},"line":1}},"f":{"0":5}}
,"K:\\MOSMekawy\\declarative-validator\\src\\constrain.js": {"path":"K:\\MOSMekawy\\declarative-validator\\src\\constrain.js","all":false,"statementMap":{"0":{"start":{"line":1,"column":0},"end":{"line":1,"column":27}},"1":{"start":{"line":2,"column":0},"end":{"line":2,"column":5}},"2":{"start":{"line":3,"column":0},"end":{"line":3,"column":41}},"3":{"start":{"line":4,"column":0},"end":{"line":4,"column":34}},"4":{"start":{"line":5,"column":0},"end":{"line":5,"column":4}},"5":{"start":{"line":6,"column":0},"end":{"line":6,"column":0}},"6":{"start":{"line":7,"column":0},"end":{"line":7,"column":24}},"7":{"start":{"line":8,"column":0},"end":{"line":8,"column":18}},"8":{"start":{"line":9,"column":0},"end":{"line":9,"column":13}},"9":{"start":{"line":10,"column":0},"end":{"line":10,"column":5}},"10":{"start":{"line":11,"column":0},"end":{"line":11,"column":1}},"11":{"start":{"line":12,"column":0},"end":{"line":12,"column":0}},"12":{"start":{"line":13,"column":0},"end":{"line":13,"column":27}}},"s":{"0":10,"1":10,"2":10,"3":10,"4":10,"5":10,"6":10,"7":10,"8":10,"9":10,"10":10,"11":1,"12":1},"branchMap":{"0":{"type":"branch","line":1,"loc":{"start":{"line":1,"column":0},"end":{"line":11,"column":1}},"locations":[{"start":{"line":1,"column":0},"end":{"line":11,"column":1}}]}},"b":{"0":[10]},"fnMap":{"0":{"name":"constrain","decl":{"start":{"line":1,"column":0},"end":{"line":11,"column":1}},"loc":{"start":{"line":1,"column":0},"end":{"line":11,"column":1}},"line":1}},"f":{"0":10}}
,"K:\\MOSMekawy\\declarative-validator\\src\\schema.js": {"path":"K:\\MOSMekawy\\declarative-validator\\src\\schema.js","all":false,"statementMap":{"0":{"start":{"line":1,"column":0},"end":{"line":1,"column":46}},"1":{"start":{"line":2,"column":0},"end":{"line":2,"column":0}},"2":{"start":{"line":3,"column":0},"end":{"line":3,"column":14}},"3":{"start":{"line":4,"column":0},"end":{"line":4,"column":9}},"4":{"start":{"line":5,"column":0},"end":{"line":5,"column":0}},"5":{"start":{"line":6,"column":0},"end":{"line":6,"column":28}},"6":{"start":{"line":7,"column":0},"end":{"line":7,"column":43}},"7":{"start":{"line":8,"column":0},"end":{"line":8,"column":3}},"8":{"start":{"line":9,"column":0},"end":{"line":9,"column":0}},"9":{"start":{"line":10,"column":0},"end":{"line":10,"column":17}},"10":{"start":{"line":11,"column":0},"end":{"line":11,"column":13}},"11":{"start":{"line":12,"column":0},"end":{"line":12,"column":32}},"12":{"start":{"line":13,"column":0},"end":{"line":13,"column":0}},"13":{"start":{"line":14,"column":0},"end":{"line":14,"column":36}},"14":{"start":{"line":15,"column":0},"end":{"line":15,"column":57}},"15":{"start":{"line":16,"column":0},"end":{"line":16,"column":17}},"16":{"start":{"line":17,"column":0},"end":{"line":17,"column":0}},"17":{"start":{"line":18,"column":0},"end":{"line":18,"column":36}},"18":{"start":{"line":19,"column":0},"end":{"line":19,"column":26}},"19":{"start":{"line":20,"column":0},"end":{"line":20,"column":9}},"20":{"start":{"line":21,"column":0},"end":{"line":21,"column":0}},"21":{"start":{"line":22,"column":0},"end":{"line":22,"column":55}},"22":{"start":{"line":23,"column":0},"end":{"line":23,"column":18}},"23":{"start":{"line":24,"column":0},"end":{"line":24,"column":0}},"24":{"start":{"line":25,"column":0},"end":{"line":25,"column":37}},"25":{"start":{"line":26,"column":0},"end":{"line":26,"column":0}},"26":{"start":{"line":27,"column":0},"end":{"line":27,"column":58}},"27":{"start":{"line":28,"column":0},"end":{"line":28,"column":47}},"28":{"start":{"line":29,"column":0},"end":{"line":29,"column":21}},"29":{"start":{"line":30,"column":0},"end":{"line":30,"column":27}},"30":{"start":{"line":31,"column":0},"end":{"line":31,"column":71}},"31":{"start":{"line":32,"column":0},"end":{"line":32,"column":14}},"32":{"start":{"line":33,"column":0},"end":{"line":33,"column":9}},"33":{"start":{"line":34,"column":0},"end":{"line":34,"column":56}},"34":{"start":{"line":35,"column":0},"end":{"line":35,"column":57}},"35":{"start":{"line":36,"column":0},"end":{"line":36,"column":23}},"36":{"start":{"line":37,"column":0},"end":{"line":37,"column":57}},"37":{"start":{"line":38,"column":0},"end":{"line":38,"column":45}},"38":{"start":{"line":39,"column":0},"end":{"line":39,"column":38}},"39":{"start":{"line":40,"column":0},"end":{"line":40,"column":51}},"40":{"start":{"line":41,"column":0},"end":{"line":41,"column":61}},"41":{"start":{"line":42,"column":0},"end":{"line":42,"column":11}},"42":{"start":{"line":43,"column":0},"end":{"line":43,"column":9}},"43":{"start":{"line":44,"column":0},"end":{"line":44,"column":9}},"44":{"start":{"line":45,"column":0},"end":{"line":45,"column":7}},"45":{"start":{"line":46,"column":0},"end":{"line":46,"column":0}},"46":{"start":{"line":47,"column":0},"end":{"line":47,"column":32}},"47":{"start":{"line":48,"column":0},"end":{"line":48,"column":48}},"48":{"start":{"line":49,"column":0},"end":{"line":49,"column":29}},"49":{"start":{"line":50,"column":0},"end":{"line":50,"column":0}},"50":{"start":{"line":51,"column":0},"end":{"line":51,"column":16}},"51":{"start":{"line":52,"column":0},"end":{"line":52,"column":5}},"52":{"start":{"line":53,"column":0},"end":{"line":53,"column":3}},"53":{"start":{"line":54,"column":0},"end":{"line":54,"column":1}},"54":{"start":{"line":55,"column":0},"end":{"line":55,"column":0}},"55":{"start":{"line":56,"column":0},"end":{"line":56,"column":24}}},"s":{"0":1,"1":1,"2":1,"3":1,"4":1,"5":1,"6":5,"7":5,"8":1,"9":1,"10":6,"11":6,"12":6,"13":6,"14":12,"15":12,"16":12,"17":12,"18":12,"19":12,"20":12,"21":12,"22":24,"23":24,"24":24,"25":12,"26":24,"27":9,"28":9,"29":9,"30":9,"31":9,"32":9,"33":24,"34":3,"35":3,"36":3,"37":3,"38":1,"39":1,"40":3,"41":3,"42":3,"43":24,"44":12,"45":6,"46":6,"47":5,"48":5,"49":5,"50":5,"51":5,"52":6,"53":1,"54":1,"55":1},"branchMap":{"0":{"type":"branch","line":4,"loc":{"start":{"line":4,"column":2},"end":{"line":4,"column":8}},"locations":[{"start":{"line":4,"column":2},"end":{"line":4,"column":8}}]},"1":{"type":"branch","line":6,"loc":{"start":{"line":6,"column":2},"end":{"line":8,"column":3}},"locations":[{"start":{"line":6,"column":2},"end":{"line":8,"column":3}}]},"2":{"type":"branch","line":10,"loc":{"start":{"line":10,"column":2},"end":{"line":53,"column":3}},"locations":[{"start":{"line":10,"column":2},"end":{"line":53,"column":3}}]},"3":{"type":"branch","line":47,"loc":{"start":{"line":47,"column":31},"end":{"line":52,"column":5}},"locations":[{"start":{"line":47,"column":31},"end":{"line":52,"column":5}}]},"4":{"type":"branch","line":14,"loc":{"start":{"line":14,"column":25},"end":{"line":45,"column":7}},"locations":[{"start":{"line":14,"column":25},"end":{"line":45,"column":7}}]},"5":{"type":"branch","line":18,"loc":{"start":{"line":18,"column":26},"end":{"line":20,"column":9}},"locations":[{"start":{"line":18,"column":26},"end":{"line":20,"column":9}}]},"6":{"type":"branch","line":22,"loc":{"start":{"line":22,"column":46},"end":{"line":44,"column":9}},"locations":[{"start":{"line":22,"column":46},"end":{"line":44,"column":9}}]},"7":{"type":"branch","line":25,"loc":{"start":{"line":25,"column":30},"end":{"line":27,"column":12}},"locations":[{"start":{"line":25,"column":30},"end":{"line":27,"column":12}}]},"8":{"type":"branch","line":27,"loc":{"start":{"line":27,"column":57},"end":{"line":33,"column":9}},"locations":[{"start":{"line":27,"column":57},"end":{"line":33,"column":9}}]},"9":{"type":"branch","line":30,"loc":{"start":{"line":30,"column":12},"end":{"line":30,"column":21}},"locations":[{"start":{"line":30,"column":12},"end":{"line":30,"column":21}}]},"10":{"type":"branch","line":34,"loc":{"start":{"line":34,"column":-2},"end":{"line":34,"column":12}},"locations":[{"start":{"line":34,"column":-2},"end":{"line":34,"column":12}}]},"11":{"type":"branch","line":34,"loc":{"start":{"line":34,"column":55},"end":{"line":43,"column":9}},"locations":[{"start":{"line":34,"column":55},"end":{"line":43,"column":9}}]},"12":{"type":"branch","line":39,"loc":{"start":{"line":39,"column":14},"end":{"line":39,"column":23}},"locations":[{"start":{"line":39,"column":14},"end":{"line":39,"column":23}}]},"13":{"type":"branch","line":38,"loc":{"start":{"line":38,"column":12},"end":{"line":41,"column":23}},"locations":[{"start":{"line":38,"column":12},"end":{"line":41,"column":23}}]}},"b":{"0":[5],"1":[5],"2":[6],"3":[5],"4":[12],"5":[12],"6":[24],"7":[12],"8":[9],"9":[2],"10":[12],"11":[3],"12":[2],"13":[1]},"fnMap":{"0":{"name":"<instance_members_initializer>","decl":{"start":{"line":4,"column":2},"end":{"line":4,"column":8}},"loc":{"start":{"line":4,"column":2},"end":{"line":4,"column":8}},"line":4},"1":{"name":"Schema","decl":{"start":{"line":6,"column":2},"end":{"line":8,"column":3}},"loc":{"start":{"line":6,"column":2},"end":{"line":8,"column":3}},"line":6},"2":{"name":"validate","decl":{"start":{"line":10,"column":2},"end":{"line":53,"column":3}},"loc":{"start":{"line":10,"column":2},"end":{"line":53,"column":3}},"line":10}},"f":{"0":5,"1":5,"2":6}}
}
