{"K:\\MOSMekawy\\declarative-validator\\src\\create-constraint.js": {"path":"K:\\MOSMekawy\\declarative-validator\\src\\create-constraint.js","all":false,"statementMap":{"0":{"start":{"line":1,"column":0},"end":{"line":1,"column":27}},"1":{"start":{"line":2,"column":0},"end":{"line":2,"column":2}},"2":{"start":{"line":3,"column":0},"end":{"line":3,"column":5}},"3":{"start":{"line":4,"column":0},"end":{"line":4,"column":59}},"4":{"start":{"line":5,"column":0},"end":{"line":5,"column":34}},"5":{"start":{"line":6,"column":0},"end":{"line":6,"column":4}},"6":{"start":{"line":7,"column":0},"end":{"line":7,"column":0}},"7":{"start":{"line":8,"column":0},"end":{"line":8,"column":24}},"8":{"start":{"line":9,"column":0},"end":{"line":9,"column":17}},"9":{"start":{"line":10,"column":0},"end":{"line":10,"column":11}},"10":{"start":{"line":11,"column":0},"end":{"line":11,"column":5}},"11":{"start":{"line":12,"column":0},"end":{"line":12,"column":0}},"12":{"start":{"line":13,"column":0},"end":{"line":13,"column":1}},"13":{"start":{"line":14,"column":0},"end":{"line":14,"column":0}},"14":{"start":{"line":15,"column":0},"end":{"line":15,"column":27}}},"s":{"0":4,"1":4,"2":4,"3":4,"4":4,"5":4,"6":4,"7":4,"8":4,"9":4,"10":4,"11":4,"12":4,"13":1,"14":1},"branchMap":{"0":{"type":"branch","line":1,"loc":{"start":{"line":1,"column":0},"end":{"line":13,"column":1}},"locations":[{"start":{"line":1,"column":0},"end":{"line":13,"column":1}}]}},"b":{"0":[4]},"fnMap":{"0":{"name":"constrain","decl":{"start":{"line":1,"column":0},"end":{"line":13,"column":1}},"loc":{"start":{"line":1,"column":0},"end":{"line":13,"column":1}},"line":1}},"f":{"0":4}}
,"K:\\MOSMekawy\\declarative-validator\\src\\declarative-validator.js": {"path":"K:\\MOSMekawy\\declarative-validator\\src\\declarative-validator.js","all":false,"statementMap":{"0":{"start":{"line":1,"column":0},"end":{"line":1,"column":52}},"1":{"start":{"line":2,"column":0},"end":{"line":2,"column":0}},"2":{"start":{"line":3,"column":0},"end":{"line":3,"column":28}},"3":{"start":{"line":4,"column":0},"end":{"line":4,"column":0}},"4":{"start":{"line":5,"column":0},"end":{"line":5,"column":7}},"5":{"start":{"line":6,"column":0},"end":{"line":6,"column":0}},"6":{"start":{"line":7,"column":0},"end":{"line":7,"column":29}},"7":{"start":{"line":8,"column":0},"end":{"line":8,"column":0}},"8":{"start":{"line":9,"column":0},"end":{"line":9,"column":43}},"9":{"start":{"line":10,"column":0},"end":{"line":10,"column":0}},"10":{"start":{"line":11,"column":0},"end":{"line":11,"column":4}},"11":{"start":{"line":12,"column":0},"end":{"line":12,"column":0}},"12":{"start":{"line":13,"column":0},"end":{"line":13,"column":18}},"13":{"start":{"line":14,"column":0},"end":{"line":14,"column":0}},"14":{"start":{"line":15,"column":0},"end":{"line":15,"column":13}},"15":{"start":{"line":16,"column":0},"end":{"line":16,"column":30}},"16":{"start":{"line":17,"column":0},"end":{"line":17,"column":0}},"17":{"start":{"line":18,"column":0},"end":{"line":18,"column":33}},"18":{"start":{"line":19,"column":0},"end":{"line":19,"column":6}},"19":{"start":{"line":20,"column":0},"end":{"line":20,"column":57}},"20":{"start":{"line":21,"column":0},"end":{"line":21,"column":17}},"21":{"start":{"line":22,"column":0},"end":{"line":22,"column":8}},"22":{"start":{"line":23,"column":0},"end":{"line":23,"column":36}},"23":{"start":{"line":24,"column":0},"end":{"line":24,"column":26}},"24":{"start":{"line":25,"column":0},"end":{"line":25,"column":9}},"25":{"start":{"line":26,"column":0},"end":{"line":26,"column":0}},"26":{"start":{"line":27,"column":0},"end":{"line":27,"column":55}},"27":{"start":{"line":28,"column":0},"end":{"line":28,"column":7}},"28":{"start":{"line":29,"column":0},"end":{"line":29,"column":17}},"29":{"start":{"line":30,"column":0},"end":{"line":30,"column":0}},"30":{"start":{"line":31,"column":0},"end":{"line":31,"column":36}},"31":{"start":{"line":32,"column":0},"end":{"line":32,"column":0}},"32":{"start":{"line":33,"column":0},"end":{"line":33,"column":57}},"33":{"start":{"line":34,"column":0},"end":{"line":34,"column":49}},"34":{"start":{"line":35,"column":0},"end":{"line":35,"column":106}},"35":{"start":{"line":36,"column":0},"end":{"line":36,"column":63}},"36":{"start":{"line":37,"column":0},"end":{"line":37,"column":58}},"37":{"start":{"line":38,"column":0},"end":{"line":38,"column":58}},"38":{"start":{"line":39,"column":0},"end":{"line":39,"column":23}},"39":{"start":{"line":40,"column":0},"end":{"line":40,"column":57}},"40":{"start":{"line":41,"column":0},"end":{"line":41,"column":81}},"41":{"start":{"line":42,"column":0},"end":{"line":42,"column":86}},"42":{"start":{"line":43,"column":0},"end":{"line":43,"column":12}},"43":{"start":{"line":44,"column":0},"end":{"line":44,"column":11}},"44":{"start":{"line":45,"column":0},"end":{"line":45,"column":0}},"45":{"start":{"line":46,"column":0},"end":{"line":46,"column":9}},"46":{"start":{"line":47,"column":0},"end":{"line":47,"column":0}},"47":{"start":{"line":48,"column":0},"end":{"line":48,"column":7}},"48":{"start":{"line":49,"column":0},"end":{"line":49,"column":0}},"49":{"start":{"line":50,"column":0},"end":{"line":50,"column":58}},"50":{"start":{"line":51,"column":0},"end":{"line":51,"column":0}},"51":{"start":{"line":52,"column":0},"end":{"line":52,"column":4}},"52":{"start":{"line":53,"column":0},"end":{"line":53,"column":0}},"53":{"start":{"line":54,"column":0},"end":{"line":54,"column":0}},"54":{"start":{"line":55,"column":0},"end":{"line":55,"column":0}},"55":{"start":{"line":56,"column":0},"end":{"line":56,"column":1}},"56":{"start":{"line":57,"column":0},"end":{"line":57,"column":0}},"57":{"start":{"line":58,"column":0},"end":{"line":58,"column":38}}},"s":{"0":1,"1":1,"2":1,"3":1,"4":1,"5":1,"6":1,"7":2,"8":2,"9":2,"10":2,"11":1,"12":1,"13":3,"14":3,"15":3,"16":3,"17":3,"18":6,"19":6,"20":6,"21":6,"22":6,"23":6,"24":6,"25":6,"26":6,"27":12,"28":12,"29":12,"30":12,"31":6,"32":12,"33":5,"34":5,"35":12,"36":1,"37":1,"38":1,"39":1,"40":1,"41":1,"42":1,"43":1,"44":12,"45":12,"46":6,"47":6,"48":3,"49":3,"50":3,"51":3,"52":1,"53":1,"54":1,"55":1,"56":1,"57":1},"branchMap":{"0":{"type":"branch","line":5,"loc":{"start":{"line":5,"column":3},"end":{"line":5,"column":6}},"locations":[{"start":{"line":5,"column":3},"end":{"line":5,"column":6}}]},"1":{"type":"branch","line":7,"loc":{"start":{"line":7,"column":3},"end":{"line":11,"column":4}},"locations":[{"start":{"line":7,"column":3},"end":{"line":11,"column":4}}]},"2":{"type":"branch","line":13,"loc":{"start":{"line":13,"column":3},"end":{"line":52,"column":4}},"locations":[{"start":{"line":13,"column":3},"end":{"line":52,"column":4}}]},"3":{"type":"branch","line":50,"loc":{"start":{"line":50,"column":31},"end":{"line":50,"column":37}},"locations":[{"start":{"line":50,"column":31},"end":{"line":50,"column":37}}]},"4":{"type":"branch","line":18,"loc":{"start":{"line":18,"column":22},"end":{"line":48,"column":7}},"locations":[{"start":{"line":18,"column":22},"end":{"line":48,"column":7}}]},"5":{"type":"branch","line":23,"loc":{"start":{"line":23,"column":26},"end":{"line":25,"column":9}},"locations":[{"start":{"line":23,"column":26},"end":{"line":25,"column":9}}]},"6":{"type":"branch","line":27,"loc":{"start":{"line":27,"column":46},"end":{"line":46,"column":9}},"locations":[{"start":{"line":27,"column":46},"end":{"line":46,"column":9}}]},"7":{"type":"branch","line":31,"loc":{"start":{"line":31,"column":29},"end":{"line":33,"column":11}},"locations":[{"start":{"line":31,"column":29},"end":{"line":33,"column":11}}]},"8":{"type":"branch","line":33,"loc":{"start":{"line":33,"column":56},"end":{"line":36,"column":15}},"locations":[{"start":{"line":33,"column":56},"end":{"line":36,"column":15}}]},"9":{"type":"branch","line":35,"loc":{"start":{"line":35,"column":11},"end":{"line":35,"column":30}},"locations":[{"start":{"line":35,"column":11},"end":{"line":35,"column":30}}]},"10":{"type":"branch","line":36,"loc":{"start":{"line":36,"column":9},"end":{"line":44,"column":11}},"locations":[{"start":{"line":36,"column":9},"end":{"line":44,"column":11}}]},"11":{"type":"branch","line":41,"loc":{"start":{"line":41,"column":12},"end":{"line":42,"column":26}},"locations":[{"start":{"line":41,"column":12},"end":{"line":42,"column":26}}]}},"b":{"0":[2],"1":[2],"2":[3],"3":[2],"4":[6],"5":[6],"6":[12],"7":[6],"8":[5],"9":[1],"10":[1],"11":[0]},"fnMap":{"0":{"name":"<instance_members_initializer>","decl":{"start":{"line":5,"column":3},"end":{"line":5,"column":6}},"loc":{"start":{"line":5,"column":3},"end":{"line":5,"column":6}},"line":5},"1":{"name":"DeclarativeValidator","decl":{"start":{"line":7,"column":3},"end":{"line":11,"column":4}},"loc":{"start":{"line":7,"column":3},"end":{"line":11,"column":4}},"line":7},"2":{"name":"validate","decl":{"start":{"line":13,"column":3},"end":{"line":52,"column":4}},"loc":{"start":{"line":13,"column":3},"end":{"line":52,"column":4}},"line":13}},"f":{"0":2,"1":2,"2":3}}
,"K:\\MOSMekawy\\declarative-validator\\src\\map-constraints.js": {"path":"K:\\MOSMekawy\\declarative-validator\\src\\map-constraints.js","all":false,"statementMap":{"0":{"start":{"line":1,"column":0},"end":{"line":1,"column":38}},"1":{"start":{"line":2,"column":0},"end":{"line":2,"column":2}},"2":{"start":{"line":3,"column":0},"end":{"line":3,"column":28}},"3":{"start":{"line":4,"column":0},"end":{"line":4,"column":28}},"4":{"start":{"line":5,"column":0},"end":{"line":5,"column":26}},"5":{"start":{"line":6,"column":0},"end":{"line":6,"column":0}},"6":{"start":{"line":7,"column":0},"end":{"line":7,"column":26}},"7":{"start":{"line":8,"column":0},"end":{"line":8,"column":17}},"8":{"start":{"line":9,"column":0},"end":{"line":9,"column":0}},"9":{"start":{"line":10,"column":0},"end":{"line":10,"column":29}},"10":{"start":{"line":11,"column":0},"end":{"line":11,"column":1}},"11":{"start":{"line":12,"column":0},"end":{"line":12,"column":30}},"12":{"start":{"line":13,"column":0},"end":{"line":13,"column":30}},"13":{"start":{"line":14,"column":0},"end":{"line":14,"column":0}},"14":{"start":{"line":15,"column":0},"end":{"line":15,"column":26}},"15":{"start":{"line":16,"column":0},"end":{"line":16,"column":3}},"16":{"start":{"line":17,"column":0},"end":{"line":17,"column":60}},"17":{"start":{"line":18,"column":0},"end":{"line":18,"column":13}},"18":{"start":{"line":19,"column":0},"end":{"line":19,"column":3}},"19":{"start":{"line":20,"column":0},"end":{"line":20,"column":4}},"20":{"start":{"line":21,"column":0},"end":{"line":21,"column":3}},"21":{"start":{"line":22,"column":0},"end":{"line":22,"column":43}},"22":{"start":{"line":23,"column":0},"end":{"line":23,"column":5}},"23":{"start":{"line":24,"column":0},"end":{"line":24,"column":30}},"24":{"start":{"line":25,"column":0},"end":{"line":25,"column":35}},"25":{"start":{"line":26,"column":0},"end":{"line":26,"column":0}},"26":{"start":{"line":27,"column":0},"end":{"line":27,"column":6}},"27":{"start":{"line":28,"column":0},"end":{"line":28,"column":0}},"28":{"start":{"line":29,"column":0},"end":{"line":29,"column":4}},"29":{"start":{"line":30,"column":0},"end":{"line":30,"column":0}},"30":{"start":{"line":31,"column":0},"end":{"line":31,"column":13}},"31":{"start":{"line":32,"column":0},"end":{"line":32,"column":0}},"32":{"start":{"line":33,"column":0},"end":{"line":33,"column":1}},"33":{"start":{"line":34,"column":0},"end":{"line":34,"column":0}},"34":{"start":{"line":35,"column":0},"end":{"line":35,"column":32}}},"s":{"0":2,"1":2,"2":2,"3":2,"4":2,"5":2,"6":2,"7":2,"8":2,"9":2,"10":6,"11":6,"12":6,"13":6,"14":6,"15":4,"16":4,"17":4,"18":4,"19":4,"20":2,"21":2,"22":4,"23":4,"24":4,"25":4,"26":4,"27":2,"28":2,"29":2,"30":2,"31":2,"32":2,"33":1,"34":1},"branchMap":{"0":{"type":"branch","line":1,"loc":{"start":{"line":1,"column":0},"end":{"line":33,"column":1}},"locations":[{"start":{"line":1,"column":0},"end":{"line":33,"column":1}}]},"1":{"type":"branch","line":10,"loc":{"start":{"line":10,"column":28},"end":{"line":29,"column":4}},"locations":[{"start":{"line":10,"column":28},"end":{"line":29,"column":4}}]},"2":{"type":"branch","line":15,"loc":{"start":{"line":15,"column":25},"end":{"line":20,"column":4}},"locations":[{"start":{"line":15,"column":25},"end":{"line":20,"column":4}}]},"3":{"type":"branch","line":21,"loc":{"start":{"line":21,"column":-2},"end":{"line":29,"column":4}},"locations":[{"start":{"line":21,"column":-2},"end":{"line":29,"column":4}}]},"4":{"type":"branch","line":22,"loc":{"start":{"line":22,"column":34},"end":{"line":27,"column":6}},"locations":[{"start":{"line":22,"column":34},"end":{"line":27,"column":6}}]}},"b":{"0":[2],"1":[6],"2":[4],"3":[2],"4":[4]},"fnMap":{"0":{"name":"mapConstraints","decl":{"start":{"line":1,"column":0},"end":{"line":33,"column":1}},"loc":{"start":{"line":1,"column":0},"end":{"line":33,"column":1}},"line":1}},"f":{"0":2}}
}
