TN:
SF:src\create-constraint.js
FN:1,constrain
FNF:1
FNH:1
FNDA:4,constrain
DA:1,4
DA:2,4
DA:3,4
DA:4,4
DA:5,4
DA:6,4
DA:7,4
DA:8,4
DA:9,4
DA:10,4
DA:11,4
DA:12,4
DA:13,4
DA:14,1
DA:15,1
LF:15
LH:15
BRDA:1,0,0,4
BRF:1
BRH:1
end_of_record
TN:
SF:src\declarative-validator.js
FN:5,<instance_members_initializer>
FN:7,DeclarativeValidator
FN:13,validate
FNF:3
FNH:3
FNDA:2,<instance_members_initializer>
FNDA:2,DeclarativeValidator
FNDA:3,validate
DA:1,1
DA:2,1
DA:3,1
DA:4,1
DA:5,1
DA:6,1
DA:7,1
DA:8,2
DA:9,2
DA:10,2
DA:11,2
DA:12,1
DA:13,1
DA:14,3
DA:15,3
DA:16,3
DA:17,3
DA:18,3
DA:19,6
DA:20,6
DA:21,6
DA:22,6
DA:23,6
DA:24,6
DA:25,6
DA:26,6
DA:27,6
DA:28,12
DA:29,12
DA:30,12
DA:31,12
DA:32,6
DA:33,12
DA:34,5
DA:35,5
DA:36,12
DA:37,1
DA:38,1
DA:39,1
DA:40,1
DA:41,1
DA:42,1
DA:43,1
DA:44,1
DA:45,12
DA:46,12
DA:47,6
DA:48,6
DA:49,3
DA:50,3
DA:51,3
DA:52,3
DA:53,1
DA:54,1
DA:55,1
DA:56,1
DA:57,1
DA:58,1
LF:58
LH:58
BRDA:5,0,0,2
BRDA:7,1,0,2
BRDA:13,2,0,3
BRDA:50,3,0,2
BRDA:18,4,0,6
BRDA:23,5,0,6
BRDA:27,6,0,12
BRDA:31,7,0,6
BRDA:33,8,0,5
BRDA:35,9,0,1
BRDA:36,10,0,1
BRDA:41,11,0,0
BRF:12
BRH:11
end_of_record
TN:
SF:src\map-constraints.js
FN:1,mapConstraints
FNF:1
FNH:1
FNDA:2,mapConstraints
DA:1,2
DA:2,2
DA:3,2
DA:4,2
DA:5,2
DA:6,2
DA:7,2
DA:8,2
DA:9,2
DA:10,2
DA:11,6
DA:12,6
DA:13,6
DA:14,6
DA:15,6
DA:16,4
DA:17,4
DA:18,4
DA:19,4
DA:20,4
DA:21,2
DA:22,2
DA:23,4
DA:24,4
DA:25,4
DA:26,4
DA:27,4
DA:28,2
DA:29,2
DA:30,2
DA:31,2
DA:32,2
DA:33,2
DA:34,1
DA:35,1
LF:35
LH:35
BRDA:1,0,0,2
BRDA:10,1,0,6
BRDA:15,2,0,4
BRDA:21,3,0,2
BRDA:22,4,0,4
BRF:5
BRH:5
end_of_record
