TN:
SF:src\build.schema.js
FN:1,buildSchema
FNF:1
FNH:1
FNDA:6,buildSchema
DA:1,6
DA:2,6
DA:3,6
DA:4,6
DA:5,6
DA:6,6
DA:7,6
DA:8,6
DA:9,6
DA:10,19
DA:11,19
DA:12,19
DA:13,19
DA:14,12
DA:15,12
DA:16,12
DA:17,7
DA:18,7
DA:19,13
DA:20,13
DA:21,13
DA:22,7
DA:23,6
DA:24,6
DA:25,6
DA:26,1
DA:27,1
LF:27
LH:27
BRDA:1,0,0,6
BRDA:9,1,0,19
BRDA:13,2,0,12
BRDA:17,3,0,7
BRDA:18,4,0,13
BRF:5
BRH:5
end_of_record
TN:
SF:src\constrain.js
FN:1,constrain
FNF:1
FNH:1
FNDA:12,constrain
DA:1,12
DA:2,12
DA:3,12
DA:4,12
DA:5,12
DA:6,12
DA:7,12
DA:8,12
DA:9,12
DA:10,12
DA:11,12
DA:12,1
DA:13,1
LF:13
LH:13
BRDA:1,0,0,12
BRF:1
BRH:1
end_of_record
TN:
SF:src\schema.js
FN:4,<instance_members_initializer>
FN:6,Schema
FN:10,validate
FNF:3
FNH:3
FNDA:6,<instance_members_initializer>
FNDA:6,Schema
FNDA:8,validate
DA:1,1
DA:2,1
DA:3,1
DA:4,1
DA:5,1
DA:6,1
DA:7,6
DA:8,6
DA:9,1
DA:10,1
DA:11,8
DA:12,8
DA:13,8
DA:14,8
DA:15,16
DA:16,16
DA:17,16
DA:18,16
DA:19,18
DA:20,18
DA:21,16
DA:22,16
DA:23,32
DA:24,32
DA:25,32
DA:26,16
DA:27,32
DA:28,11
DA:29,11
DA:30,11
DA:31,11
DA:32,11
DA:33,11
DA:34,32
DA:35,5
DA:36,5
DA:37,4
DA:38,4
DA:39,4
DA:40,4
DA:41,4
DA:42,4
DA:43,2
DA:44,4
DA:45,4
DA:46,5
DA:47,32
DA:48,16
DA:49,8
DA:50,8
DA:51,6
DA:52,6
DA:53,6
DA:54,6
DA:55,6
DA:56,8
DA:57,1
DA:58,1
DA:59,1
LF:59
LH:59
BRDA:4,0,0,6
BRDA:6,1,0,6
BRDA:10,2,0,8
BRDA:50,3,0,6
BRDA:14,4,0,16
BRDA:18,5,0,18
BRDA:22,6,0,32
BRDA:25,7,0,16
BRDA:27,8,0,11
BRDA:30,9,0,2
BRDA:34,10,0,16
BRDA:34,11,0,5
BRDA:36,12,0,4
BRDA:39,13,0,1
BRDA:42,14,0,2
BRF:15
BRH:15
end_of_record
